<?xml version="1.0" encoding="UTF-8" ?>
<testsuite tests="2" failures="2" name="TestSuite" time="43.78" errors="0" skipped="0">
  <properties>
    <property name="idea.version" value="2022.2.4"/>
    <property name="java.runtime.name" value="Java(TM) SE Runtime Environment"/>
    <property name="java.vm.version" value="11.0.16.1+1-LTS-1"/>
    <property name="sun.boot.library.path" value="C:\Program Files\Java\jdk-11.0.16.1\bin"/>
    <property name="maven.multiModuleProjectDirectory" value="C:\Users\Lenovo\IdeaProjects\Appium"/>
    <property name="java.vm.vendor" value="Oracle Corporation"/>
    <property name="java.vendor.url" value="https://openjdk.java.net/"/>
    <property name="guice.disable.misplaced.annotation.check" value="true"/>
    <property name="path.separator" value=";"/>
    <property name="java.vm.name" value="Java HotSpot(TM) 64-Bit Server VM"/>
    <property name="sun.os.patch.level" value=""/>
    <property name="user.script" value=""/>
    <property name="user.country" value="TR"/>
    <property name="sun.java.launcher" value="SUN_STANDARD"/>
    <property name="java.vm.specification.name" value="Java Virtual Machine Specification"/>
    <property name="user.dir" value="C:\Users\Lenovo\IdeaProjects\Appium"/>
    <property name="java.vm.compressedOopsMode" value="Zero based"/>
    <property name="java.runtime.version" value="11.0.16.1+1-LTS-1"/>
    <property name="java.awt.graphicsenv" value="sun.awt.Win32GraphicsEnvironment"/>
    <property name="os.arch" value="amd64"/>
    <property name="java.io.tmpdir" value="C:\Users\Lenovo\AppData\Local\Temp\"/>
    <property name="line.separator" value="
"/>
    <property name="java.vm.specification.vendor" value="Oracle Corporation"/>
    <property name="user.variant" value=""/>
    <property name="os.name" value="Windows 10"/>
    <property name="maven.ext.class.path" value="C:\Users\Lenovo\AppData\Local\JetBrains\IntelliJ IDEA Community Edition 2022.2.4\plugins\maven\lib\maven-event-listener.jar"/>
    <property name="classworlds.conf" value="C:\Users\Lenovo\AppData\Local\JetBrains\IntelliJ IDEA Community Edition 2022.2.4\plugins\maven\lib\maven3\bin\m2.conf"/>
    <property name="sun.jnu.encoding" value="Cp1254"/>
    <property name="java.library.path" value="C:\Program Files\Java\jdk-11.0.16.1\bin;C:\Windows\Sun\Java\bin;C:\Windows\system32;C:\Windows;C:\Program Files\Java\jdk-15.0.2\bin;C:\Users\Lenovo\AppData\Local\Android\Sdk\platform-tools;C:\Users\Lenovo\AppData\Local\Android\Sdk\cmdline-tools;C:\Program Files (x86)\Common Files\Oracle\Java\javapath;C:\Program Files\Common Files\Oracle\Java\javapath;C:\Users\Lenovo\AppData\Local\Programs\Python\Python311\Scripts\;C:\Users\Lenovo\AppData\Local\Programs\Python\Python311\;C:\Windows\system32;C:\Windows;C:\Windows\System32\Wbem;C:\Windows\System32\WindowsPowerShell\v1.0\;C:\Windows\System32\OpenSSH\;C:\Program Files\Git\cmd;C:\Program Files\nodejs\;C:\ProgramData\chocolatey\bin;C:\Users\Lenovo\AppData\Local\Microsoft\WindowsApps;C:\Program Files\Java\jdk-11.0.16.1\bin;C:\Users\Lenovo\AppData\Local\Programs\Microsoft VS Code\bin;C:\Program Files\apache-maven-3.9.1\bin;C:\Users\Lenovo\AppData\Roaming\npm;."/>
    <property name="maven.conf" value="C:\Users\Lenovo\AppData\Local\JetBrains\IntelliJ IDEA Community Edition 2022.2.4\plugins\maven\lib\maven3/conf"/>
    <property name="jdk.debug" value="release"/>
    <property name="java.class.version" value="55.0"/>
    <property name="java.specification.name" value="Java Platform API Specification"/>
    <property name="sun.management.compiler" value="HotSpot 64-Bit Tiered Compilers"/>
    <property name="os.version" value="10.0"/>
    <property name="user.home" value="C:\Users\Lenovo"/>
    <property name="user.timezone" value="Asia/Istanbul"/>
    <property name="java.awt.printerjob" value="sun.awt.windows.WPrinterJob"/>
    <property name="file.encoding" value="UTF-8"/>
    <property name="java.specification.version" value="11"/>
    <property name="user.name" value="Lenovo"/>
    <property name="java.class.path" value="C:\Users\Lenovo\AppData\Local\JetBrains\IntelliJ IDEA Community Edition 2022.2.4\plugins\maven\lib\maven3\boot\plexus-classworlds-2.6.0.jar;C:\Users\Lenovo\AppData\Local\JetBrains\IntelliJ IDEA Community Edition 2022.2.4\plugins\maven\lib\maven3\boot\plexus-classworlds.license"/>
    <property name="java.vm.specification.version" value="11"/>
    <property name="sun.arch.data.model" value="64"/>
    <property name="sun.java.command" value="org.codehaus.classworlds.Launcher -Didea.version=2022.2.4 test"/>
    <property name="java.home" value="C:\Program Files\Java\jdk-11.0.16.1"/>
    <property name="user.language" value="tr"/>
    <property name="java.specification.vendor" value="Oracle Corporation"/>
    <property name="awt.toolkit" value="sun.awt.windows.WToolkit"/>
    <property name="java.vm.info" value="mixed mode"/>
    <property name="java.version" value="11.0.16.1"/>
    <property name="java.vendor" value="Oracle Corporation"/>
    <property name="maven.home" value="C:\Users\Lenovo\AppData\Local\JetBrains\IntelliJ IDEA Community Edition 2022.2.4\plugins\maven\lib\maven3"/>
    <property name="file.separator" value="\"/>
    <property name="java.version.date" value="2022-08-18"/>
    <property name="java.vendor.url.bug" value="https://bugreport.java.com/bugreport/"/>
    <property name="sun.io.unicode.encoding" value="UnicodeLittle"/>
    <property name="sun.cpu.endian" value="little"/>
    <property name="java.vendor.version" value="18.9"/>
    <property name="sun.desktop" value="windows"/>
    <property name="sun.cpu.isalist" value="amd64"/>
  </properties>
  <testcase classname="appium.ApiDemosTest" name="test" time="23.502">
    <failure message="Could not start a new session. Response code 500. Message: An unknown server-side error occurred while processing the command. Original error: Could not find a connected Android device in 20224ms. 
Host info: host: &apos;MY-THINKBOOK&apos;, ip: &apos;192.168.1.34&apos;
Build info: version: &apos;4.11.0&apos;, revision: &apos;040bc5406b&apos;
System info: os.name: &apos;Windows 10&apos;, os.arch: &apos;amd64&apos;, os.version: &apos;10.0&apos;, java.version: &apos;11.0.16.1&apos;
Driver info: io.appium.java_client.android.AndroidDriver
Command: [null, newSession {capabilities=[{appium:app=C:\Users\Lenovo\IdeaProjects\Appium\src\Apps\ApiDemos-debug.apk, appium:appActivity=com.android.permissioncontroller.permission.ui.ReviewPermissionsActivity, appium:appPackage=com.google.android.permissioncontroller, appium:automationName=UIAutomator2, appium:deviceName=masutcu, appium:noReset=true, platformName=ANDROID, appium:platformVersion=10}], desiredCapabilities=Capabilities {app: C:\Users\Lenovo\IdeaProject..., appActivity: com.android.permissioncontr..., appPackage: com.google.android.permissi..., automationName: UIAutomator2, deviceName: masutcu, noReset: true, platformName: ANDROID, platformVersion: 10}}]
Capabilities {app: C:\Users\Lenovo\IdeaProject..., appActivity: com.android.permissioncontr..., appPackage: com.google.android.permissi..., automationName: UIAutomator2, deviceName: masutcu, noReset: true, platformName: ANDROID, platformVersion: 10}" type="org.openqa.selenium.SessionNotCreatedException">org.openqa.selenium.SessionNotCreatedException: Could not start a new session. Response code 500. Message: An unknown server-side error occurred while processing the command. Original error: Could not find a connected Android device in 20224ms. 
Host info: host: &apos;MY-THINKBOOK&apos;, ip: &apos;192.168.1.34&apos;
Build info: version: &apos;4.11.0&apos;, revision: &apos;040bc5406b&apos;
System info: os.name: &apos;Windows 10&apos;, os.arch: &apos;amd64&apos;, os.version: &apos;10.0&apos;, java.version: &apos;11.0.16.1&apos;
Driver info: io.appium.java_client.android.AndroidDriver
Command: [null, newSession {capabilities=[{appium:app=C:\Users\Lenovo\IdeaProjects\Appium\src\Apps\ApiDemos-debug.apk, appium:appActivity=com.android.permissioncontroller.permission.ui.ReviewPermissionsActivity, appium:appPackage=com.google.android.permissioncontroller, appium:automationName=UIAutomator2, appium:deviceName=masutcu, appium:noReset=true, platformName=ANDROID, appium:platformVersion=10}], desiredCapabilities=Capabilities {app: C:\Users\Lenovo\IdeaProject..., appActivity: com.android.permissioncontr..., appPackage: com.google.android.permissi..., automationName: UIAutomator2, deviceName: masutcu, noReset: true, platformName: ANDROID, platformVersion: 10}}]
Capabilities {app: C:\Users\Lenovo\IdeaProject..., appActivity: com.android.permissioncontr..., appPackage: com.google.android.permissi..., automationName: UIAutomator2, deviceName: masutcu, noReset: true, platformName: ANDROID, platformVersion: 10}
	at org.openqa.selenium.remote.ProtocolHandshake.createSession(ProtocolHandshake.java:140)
	at java.base/jdk.internal.reflect.NativeMethodAccessorImpl.invoke0(Native Method)
	at java.base/jdk.internal.reflect.NativeMethodAccessorImpl.invoke(NativeMethodAccessorImpl.java:62)
	at java.base/jdk.internal.reflect.DelegatingMethodAccessorImpl.invoke(DelegatingMethodAccessorImpl.java:43)
	at java.base/java.lang.reflect.Method.invoke(Method.java:566)
	at io.appium.java_client.remote.AppiumProtocolHandshake.createSession(AppiumProtocolHandshake.java:133)
	at io.appium.java_client.remote.AppiumProtocolHandshake.createSession(AppiumProtocolHandshake.java:102)
	at io.appium.java_client.remote.AppiumCommandExecutor.createSession(AppiumCommandExecutor.java:194)
	at io.appium.java_client.remote.AppiumCommandExecutor.execute(AppiumCommandExecutor.java:262)
	at org.openqa.selenium.remote.RemoteWebDriver.execute(RemoteWebDriver.java:518)
	at io.appium.java_client.AppiumDriver.startSession(AppiumDriver.java:229)
	at org.openqa.selenium.remote.RemoteWebDriver.&lt;init&gt;(RemoteWebDriver.java:159)
	at io.appium.java_client.AppiumDriver.&lt;init&gt;(AppiumDriver.java:80)
	at io.appium.java_client.AppiumDriver.&lt;init&gt;(AppiumDriver.java:92)
	at io.appium.java_client.android.AndroidDriver.&lt;init&gt;(AndroidDriver.java:117)
	at appium.ApiDemosTest.test(ApiDemosTest.java:30)
</failure>
    <system-out>Configuring TestNG with: org.apache.maven.surefire.testng.conf.TestNG652Configurator@5f71c76a
</system-out>
    <system-err>SLF4J: No SLF4J providers were found.
SLF4J: Defaulting to no-operation (NOP) logger implementation
SLF4J: See https://www.slf4j.org/codes.html#noProviders for further details.
</system-err>
  </testcase>
  <testcase classname="appium.Appium09UiSelectorTestCase" name="test" time="20.278">
    <failure message="Could not start a new session. Response code 500. Message: An unknown server-side error occurred while processing the command. Original error: Could not find a connected Android device in 20213ms. 
Host info: host: &apos;MY-THINKBOOK&apos;, ip: &apos;192.168.1.34&apos;
Build info: version: &apos;4.11.0&apos;, revision: &apos;040bc5406b&apos;
System info: os.name: &apos;Windows 10&apos;, os.arch: &apos;amd64&apos;, os.version: &apos;10.0&apos;, java.version: &apos;11.0.16.1&apos;
Driver info: io.appium.java_client.android.AndroidDriver
Command: [null, newSession {capabilities=[{appium:app=C:\Users\Lenovo\IdeaProjects\Appium\src\Apps\GestureTool.apk, appium:automationName=UiAutomator2, appium:deviceName=RealDevice, appium:noReset=true, platformName=ANDROID, appium:platformVersion=13.0}], desiredCapabilities=Capabilities {app: C:\Users\Lenovo\IdeaProject..., automationName: UiAutomator2, deviceName: RealDevice, noReset: true, platformName: ANDROID, platformVersion: 13.0}}]
Capabilities {app: C:\Users\Lenovo\IdeaProject..., automationName: UiAutomator2, deviceName: RealDevice, noReset: true, platformName: ANDROID, platformVersion: 13.0}" type="org.openqa.selenium.SessionNotCreatedException">org.openqa.selenium.SessionNotCreatedException: Could not start a new session. Response code 500. Message: An unknown server-side error occurred while processing the command. Original error: Could not find a connected Android device in 20213ms. 
Host info: host: &apos;MY-THINKBOOK&apos;, ip: &apos;192.168.1.34&apos;
Build info: version: &apos;4.11.0&apos;, revision: &apos;040bc5406b&apos;
System info: os.name: &apos;Windows 10&apos;, os.arch: &apos;amd64&apos;, os.version: &apos;10.0&apos;, java.version: &apos;11.0.16.1&apos;
Driver info: io.appium.java_client.android.AndroidDriver
Command: [null, newSession {capabilities=[{appium:app=C:\Users\Lenovo\IdeaProjects\Appium\src\Apps\GestureTool.apk, appium:automationName=UiAutomator2, appium:deviceName=RealDevice, appium:noReset=true, platformName=ANDROID, appium:platformVersion=13.0}], desiredCapabilities=Capabilities {app: C:\Users\Lenovo\IdeaProject..., automationName: UiAutomator2, deviceName: RealDevice, noReset: true, platformName: ANDROID, platformVersion: 13.0}}]
Capabilities {app: C:\Users\Lenovo\IdeaProject..., automationName: UiAutomator2, deviceName: RealDevice, noReset: true, platformName: ANDROID, platformVersion: 13.0}
	at org.openqa.selenium.remote.ProtocolHandshake.createSession(ProtocolHandshake.java:140)
	at java.base/jdk.internal.reflect.NativeMethodAccessorImpl.invoke0(Native Method)
	at java.base/jdk.internal.reflect.NativeMethodAccessorImpl.invoke(NativeMethodAccessorImpl.java:62)
	at java.base/jdk.internal.reflect.DelegatingMethodAccessorImpl.invoke(DelegatingMethodAccessorImpl.java:43)
	at java.base/java.lang.reflect.Method.invoke(Method.java:566)
	at io.appium.java_client.remote.AppiumProtocolHandshake.createSession(AppiumProtocolHandshake.java:133)
	at io.appium.java_client.remote.AppiumProtocolHandshake.createSession(AppiumProtocolHandshake.java:102)
	at io.appium.java_client.remote.AppiumCommandExecutor.createSession(AppiumCommandExecutor.java:194)
	at io.appium.java_client.remote.AppiumCommandExecutor.execute(AppiumCommandExecutor.java:262)
	at org.openqa.selenium.remote.RemoteWebDriver.execute(RemoteWebDriver.java:518)
	at io.appium.java_client.AppiumDriver.startSession(AppiumDriver.java:229)
	at org.openqa.selenium.remote.RemoteWebDriver.&lt;init&gt;(RemoteWebDriver.java:159)
	at io.appium.java_client.AppiumDriver.&lt;init&gt;(AppiumDriver.java:80)
	at io.appium.java_client.AppiumDriver.&lt;init&gt;(AppiumDriver.java:92)
	at io.appium.java_client.android.AndroidDriver.&lt;init&gt;(AndroidDriver.java:117)
	at Appium.BaseClass.getAndroidDriver(BaseClass.java:25)
	at appium.Appium09UiSelectorTestCase.test(Appium09UiSelectorTestCase.java:35)
</failure>
  </testcase>
</testsuite>